c:\users\dio\desktop\game1017_shootergame\shootergame\game1017_shooterexample\game1017_shooterexample\debug\vc142.pdb
c:\users\dio\desktop\game1017_shootergame\shootergame\game1017_shooterexample\game1017_shooterexample\debug\vc142.idb
c:\users\dio\desktop\game1017_shootergame\shootergame\game1017_shooterexample\game1017_shooterexample\debug\texturemanager.obj
c:\users\dio\desktop\game1017_shootergame\shootergame\game1017_shooterexample\game1017_shooterexample\debug\states.obj
c:\users\dio\desktop\game1017_shootergame\shootergame\game1017_shooterexample\game1017_shooterexample\debug\statemanager.obj
c:\users\dio\desktop\game1017_shootergame\shootergame\game1017_shooterexample\game1017_shooterexample\debug\sprites.obj
c:\users\dio\desktop\game1017_shootergame\shootergame\game1017_shooterexample\game1017_shooterexample\debug\soundmanager.obj
c:\users\dio\desktop\game1017_shootergame\shootergame\game1017_shooterexample\game1017_shooterexample\debug\main.obj
c:\users\dio\desktop\game1017_shootergame\shootergame\game1017_shooterexample\game1017_shooterexample\debug\fontmanager.obj
c:\users\dio\desktop\game1017_shootergame\shootergame\game1017_shooterexample\game1017_shooterexample\debug\eventmanager.obj
c:\users\dio\desktop\game1017_shootergame\shootergame\game1017_shooterexample\game1017_shooterexample\debug\engine.obj
c:\users\dio\desktop\game1017_shootergame\shootergame\game1017_shooterexample\debug\game1017_shooterexample.ilk
c:\users\dio\desktop\game1017_shootergame\shootergame\game1017_shooterexample\debug\game1017_shooterexample.exe
c:\users\dio\desktop\game1017_shootergame\shootergame\game1017_shooterexample\debug\game1017_shooterexample.pdb
c:\users\dio\desktop\game1017_shootergame\shootergame\game1017_shooterexample\game1017_shooterexample\debug\game1017.6b4435bb.tlog\cl.command.1.tlog
c:\users\dio\desktop\game1017_shootergame\shootergame\game1017_shooterexample\game1017_shooterexample\debug\game1017.6b4435bb.tlog\cl.read.1.tlog
c:\users\dio\desktop\game1017_shootergame\shootergame\game1017_shooterexample\game1017_shooterexample\debug\game1017.6b4435bb.tlog\cl.write.1.tlog
c:\users\dio\desktop\game1017_shootergame\shootergame\game1017_shooterexample\game1017_shooterexample\debug\game1017.6b4435bb.tlog\link.command.1.tlog
c:\users\dio\desktop\game1017_shootergame\shootergame\game1017_shooterexample\game1017_shooterexample\debug\game1017.6b4435bb.tlog\link.read.1.tlog
c:\users\dio\desktop\game1017_shootergame\shootergame\game1017_shooterexample\game1017_shooterexample\debug\game1017.6b4435bb.tlog\link.write.1.tlog
